<?xml version="1.0" encoding="UTF-8"?>
<!-- Generated by org.testng.reporters.JUnitReportReporter -->
<testsuite hostname="Poovannas-Thinkpad" failures="0" tests="5" name="testcases.Qkart_project" time="53.389" errors="0" timestamp="2024-09-07T19:01:48 IST" skipped="0">
  <testcase classname="testcases.Qkart_project" name="testClass1" time="0.427"/>
  <system-out/>
  <testcase classname="testcases.Qkart_project" name="testClass2" time="0.053"/>
  <system-out/>
  <testcase classname="testcases.Qkart_project" name="testClass3" time="0.077"/>
  <system-out/>
  <testcase classname="testcases.Qkart_project" name="testClass4" time="6.744"/>
  <system-out/>
  <testcase classname="testcases.Qkart_project" name="testClass5" time="46.088"/>
  <system-out/>
</testsuite> <!-- testcases.Qkart_project -->
